2019-08-08 09:02:03 [scrapy.utils.log] INFO: Scrapy 1.7.3 started (bot: tencent_hr)
2019-08-08 09:02:03 [scrapy.utils.log] INFO: Versions: lxml 4.3.4.0, libxml2 2.9.9, cssselect 1.0.3, parsel 1.5.1, w3lib 1.20.0, Twisted 19.7.0, Python 3.7.3 (default, Apr 24 2019, 15:29:51) [MSC v.1915 64 bit (AMD64)], pyOpenSSL 19.0.0 (OpenSSL 1.1.1c  28 May 2019), cryptography 2.7, Platform Windows-10-10.0.17763-SP0
2019-08-08 09:02:03 [scrapy.crawler] INFO: Overridden settings: {'BOT_NAME': 'tencent_hr', 'LOG_FILE': './log.log', 'NEWSPIDER_MODULE': 'tencent_hr.spiders', 'ROBOTSTXT_OBEY': True, 'SPIDER_MODULES': ['tencent_hr.spiders']}
2019-08-08 09:02:03 [scrapy.extensions.telnet] INFO: Telnet Password: 7e0acde0e69903b7
2019-08-08 09:02:03 [scrapy.middleware] INFO: Enabled extensions:
['scrapy.extensions.corestats.CoreStats',
 'scrapy.extensions.telnet.TelnetConsole',
 'scrapy.extensions.logstats.LogStats']
2019-08-08 09:02:04 [scrapy.middleware] INFO: Enabled downloader middlewares:
['scrapy.downloadermiddlewares.robotstxt.RobotsTxtMiddleware',
 'scrapy.downloadermiddlewares.httpauth.HttpAuthMiddleware',
 'scrapy.downloadermiddlewares.downloadtimeout.DownloadTimeoutMiddleware',
 'scrapy.downloadermiddlewares.defaultheaders.DefaultHeadersMiddleware',
 'scrapy.downloadermiddlewares.useragent.UserAgentMiddleware',
 'scrapy.downloadermiddlewares.retry.RetryMiddleware',
 'scrapy.downloadermiddlewares.redirect.MetaRefreshMiddleware',
 'scrapy.downloadermiddlewares.httpcompression.HttpCompressionMiddleware',
 'scrapy.downloadermiddlewares.redirect.RedirectMiddleware',
 'scrapy.downloadermiddlewares.cookies.CookiesMiddleware',
 'scrapy.downloadermiddlewares.httpproxy.HttpProxyMiddleware',
 'scrapy.downloadermiddlewares.stats.DownloaderStats']
2019-08-08 09:02:04 [scrapy.middleware] INFO: Enabled spider middlewares:
['scrapy.spidermiddlewares.httperror.HttpErrorMiddleware',
 'scrapy.spidermiddlewares.offsite.OffsiteMiddleware',
 'scrapy.spidermiddlewares.referer.RefererMiddleware',
 'scrapy.spidermiddlewares.urllength.UrlLengthMiddleware',
 'scrapy.spidermiddlewares.depth.DepthMiddleware']
2019-08-08 09:02:04 [scrapy.middleware] INFO: Enabled item pipelines:
['tencent_hr.pipelines.TencentHrPipeline']
2019-08-08 09:02:04 [scrapy.core.engine] INFO: Spider opened
2019-08-08 09:02:04 [scrapy.extensions.logstats] INFO: Crawled 0 pages (at 0 pages/min), scraped 0 items (at 0 items/min)
2019-08-08 09:02:04 [scrapy.extensions.telnet] INFO: Telnet console listening on 127.0.0.1:6023
2019-08-08 09:02:04 [scrapy.downloadermiddlewares.redirect] DEBUG: Redirecting (302) to <GET https://careers.tencent.com/404.html> from <GET https://careers.tencent.com/robots.txt>
2019-08-08 09:02:04 [scrapy.core.engine] DEBUG: Crawled (200) <GET https://careers.tencent.com/404.html> (referer: None)
2019-08-08 09:02:04 [scrapy.core.engine] DEBUG: Crawled (200) <GET https://careers.tencent.com/search.html> (referer: None)
2019-08-08 09:02:05 [scrapy.core.engine] INFO: Closing spider (finished)
2019-08-08 09:02:05 [scrapy.statscollectors] INFO: Dumping Scrapy stats:
{'downloader/request_bytes': 815,
 'downloader/request_count': 3,
 'downloader/request_method_count/GET': 3,
 'downloader/response_bytes': 1733,
 'downloader/response_count': 3,
 'downloader/response_status_count/200': 2,
 'downloader/response_status_count/302': 1,
 'elapsed_time_seconds': 0.451822,
 'finish_reason': 'finished',
 'finish_time': datetime.datetime(2019, 8, 8, 1, 2, 5, 3585),
 'log_count/DEBUG': 3,
 'log_count/INFO': 10,
 'response_received_count': 2,
 'robotstxt/request_count': 1,
 'robotstxt/response_count': 1,
 'robotstxt/response_status_count/200': 1,
 'scheduler/dequeued': 1,
 'scheduler/dequeued/memory': 1,
 'scheduler/enqueued': 1,
 'scheduler/enqueued/memory': 1,
 'start_time': datetime.datetime(2019, 8, 8, 1, 2, 4, 551763)}
2019-08-08 09:02:05 [scrapy.core.engine] INFO: Spider closed (finished)
2019-08-08 09:02:32 [scrapy.utils.log] INFO: Scrapy 1.7.3 started (bot: tencent_hr)
2019-08-08 09:02:32 [scrapy.utils.log] INFO: Versions: lxml 4.3.4.0, libxml2 2.9.9, cssselect 1.0.3, parsel 1.5.1, w3lib 1.20.0, Twisted 19.7.0, Python 3.7.3 (default, Apr 24 2019, 15:29:51) [MSC v.1915 64 bit (AMD64)], pyOpenSSL 19.0.0 (OpenSSL 1.1.1c  28 May 2019), cryptography 2.7, Platform Windows-10-10.0.17763-SP0
2019-08-08 09:02:32 [scrapy.crawler] INFO: Overridden settings: {'BOT_NAME': 'tencent_hr', 'LOG_FILE': './log.log', 'NEWSPIDER_MODULE': 'tencent_hr.spiders', 'ROBOTSTXT_OBEY': True, 'SPIDER_MODULES': ['tencent_hr.spiders']}
2019-08-08 09:02:32 [scrapy.extensions.telnet] INFO: Telnet Password: 51d0aea0c122c275
2019-08-08 09:02:32 [scrapy.middleware] INFO: Enabled extensions:
['scrapy.extensions.corestats.CoreStats',
 'scrapy.extensions.telnet.TelnetConsole',
 'scrapy.extensions.logstats.LogStats']
2019-08-08 09:02:32 [scrapy.middleware] INFO: Enabled downloader middlewares:
['scrapy.downloadermiddlewares.robotstxt.RobotsTxtMiddleware',
 'scrapy.downloadermiddlewares.httpauth.HttpAuthMiddleware',
 'scrapy.downloadermiddlewares.downloadtimeout.DownloadTimeoutMiddleware',
 'scrapy.downloadermiddlewares.defaultheaders.DefaultHeadersMiddleware',
 'scrapy.downloadermiddlewares.useragent.UserAgentMiddleware',
 'scrapy.downloadermiddlewares.retry.RetryMiddleware',
 'scrapy.downloadermiddlewares.redirect.MetaRefreshMiddleware',
 'scrapy.downloadermiddlewares.httpcompression.HttpCompressionMiddleware',
 'scrapy.downloadermiddlewares.redirect.RedirectMiddleware',
 'scrapy.downloadermiddlewares.cookies.CookiesMiddleware',
 'scrapy.downloadermiddlewares.httpproxy.HttpProxyMiddleware',
 'scrapy.downloadermiddlewares.stats.DownloaderStats']
2019-08-08 09:02:32 [scrapy.middleware] INFO: Enabled spider middlewares:
['scrapy.spidermiddlewares.httperror.HttpErrorMiddleware',
 'scrapy.spidermiddlewares.offsite.OffsiteMiddleware',
 'scrapy.spidermiddlewares.referer.RefererMiddleware',
 'scrapy.spidermiddlewares.urllength.UrlLengthMiddleware',
 'scrapy.spidermiddlewares.depth.DepthMiddleware']
2019-08-08 09:02:32 [scrapy.middleware] INFO: Enabled item pipelines:
['tencent_hr.pipelines.TencentHrPipeline']
2019-08-08 09:02:32 [scrapy.core.engine] INFO: Spider opened
2019-08-08 09:02:32 [scrapy.extensions.logstats] INFO: Crawled 0 pages (at 0 pages/min), scraped 0 items (at 0 items/min)
2019-08-08 09:02:32 [scrapy.extensions.telnet] INFO: Telnet console listening on 127.0.0.1:6023
2019-08-08 09:02:33 [scrapy.downloadermiddlewares.redirect] DEBUG: Redirecting (302) to <GET https://careers.tencent.com/404.html> from <GET https://careers.tencent.com/robots.txt>
2019-08-08 09:02:33 [scrapy.core.engine] DEBUG: Crawled (200) <GET https://careers.tencent.com/404.html> (referer: None)
2019-08-08 09:02:33 [scrapy.core.engine] DEBUG: Crawled (200) <GET https://careers.tencent.com/search.html> (referer: None)
2019-08-08 09:02:33 [scrapy.core.engine] INFO: Closing spider (finished)
2019-08-08 09:02:33 [scrapy.statscollectors] INFO: Dumping Scrapy stats:
{'downloader/request_bytes': 815,
 'downloader/request_count': 3,
 'downloader/request_method_count/GET': 3,
 'downloader/response_bytes': 1733,
 'downloader/response_count': 3,
 'downloader/response_status_count/200': 2,
 'downloader/response_status_count/302': 1,
 'elapsed_time_seconds': 0.405888,
 'finish_reason': 'finished',
 'finish_time': datetime.datetime(2019, 8, 8, 1, 2, 33, 247049),
 'log_count/DEBUG': 3,
 'log_count/INFO': 10,
 'response_received_count': 2,
 'robotstxt/request_count': 1,
 'robotstxt/response_count': 1,
 'robotstxt/response_status_count/200': 1,
 'scheduler/dequeued': 1,
 'scheduler/dequeued/memory': 1,
 'scheduler/enqueued': 1,
 'scheduler/enqueued/memory': 1,
 'start_time': datetime.datetime(2019, 8, 8, 1, 2, 32, 841161)}
2019-08-08 09:02:33 [scrapy.core.engine] INFO: Spider closed (finished)
2019-08-08 09:03:38 [scrapy.utils.log] INFO: Scrapy 1.7.3 started (bot: tencent_hr)
2019-08-08 09:03:38 [scrapy.utils.log] INFO: Versions: lxml 4.3.4.0, libxml2 2.9.9, cssselect 1.0.3, parsel 1.5.1, w3lib 1.20.0, Twisted 19.7.0, Python 3.7.3 (default, Apr 24 2019, 15:29:51) [MSC v.1915 64 bit (AMD64)], pyOpenSSL 19.0.0 (OpenSSL 1.1.1c  28 May 2019), cryptography 2.7, Platform Windows-10-10.0.17763-SP0
2019-08-08 09:03:38 [scrapy.crawler] INFO: Overridden settings: {'BOT_NAME': 'tencent_hr', 'LOG_FILE': './log.log', 'NEWSPIDER_MODULE': 'tencent_hr.spiders', 'ROBOTSTXT_OBEY': True, 'SPIDER_MODULES': ['tencent_hr.spiders']}
2019-08-08 09:03:38 [scrapy.extensions.telnet] INFO: Telnet Password: af867f2ecebaa06c
2019-08-08 09:03:38 [scrapy.middleware] INFO: Enabled extensions:
['scrapy.extensions.corestats.CoreStats',
 'scrapy.extensions.telnet.TelnetConsole',
 'scrapy.extensions.logstats.LogStats']
2019-08-08 09:03:39 [scrapy.middleware] INFO: Enabled downloader middlewares:
['scrapy.downloadermiddlewares.robotstxt.RobotsTxtMiddleware',
 'scrapy.downloadermiddlewares.httpauth.HttpAuthMiddleware',
 'scrapy.downloadermiddlewares.downloadtimeout.DownloadTimeoutMiddleware',
 'scrapy.downloadermiddlewares.defaultheaders.DefaultHeadersMiddleware',
 'scrapy.downloadermiddlewares.useragent.UserAgentMiddleware',
 'scrapy.downloadermiddlewares.retry.RetryMiddleware',
 'scrapy.downloadermiddlewares.redirect.MetaRefreshMiddleware',
 'scrapy.downloadermiddlewares.httpcompression.HttpCompressionMiddleware',
 'scrapy.downloadermiddlewares.redirect.RedirectMiddleware',
 'scrapy.downloadermiddlewares.cookies.CookiesMiddleware',
 'scrapy.downloadermiddlewares.httpproxy.HttpProxyMiddleware',
 'scrapy.downloadermiddlewares.stats.DownloaderStats']
2019-08-08 09:03:39 [scrapy.middleware] INFO: Enabled spider middlewares:
['scrapy.spidermiddlewares.httperror.HttpErrorMiddleware',
 'scrapy.spidermiddlewares.offsite.OffsiteMiddleware',
 'scrapy.spidermiddlewares.referer.RefererMiddleware',
 'scrapy.spidermiddlewares.urllength.UrlLengthMiddleware',
 'scrapy.spidermiddlewares.depth.DepthMiddleware']
2019-08-08 09:03:39 [scrapy.middleware] INFO: Enabled item pipelines:
['tencent_hr.pipelines.TencentHrPipeline']
2019-08-08 09:03:39 [scrapy.core.engine] INFO: Spider opened
2019-08-08 09:03:39 [scrapy.extensions.logstats] INFO: Crawled 0 pages (at 0 pages/min), scraped 0 items (at 0 items/min)
2019-08-08 09:03:39 [scrapy.extensions.telnet] INFO: Telnet console listening on 127.0.0.1:6023
2019-08-08 09:03:39 [scrapy.downloadermiddlewares.redirect] DEBUG: Redirecting (302) to <GET https://careers.tencent.com/404.html> from <GET https://careers.tencent.com/robots.txt>
2019-08-08 09:03:39 [scrapy.core.engine] DEBUG: Crawled (200) <GET https://careers.tencent.com/404.html> (referer: None)
2019-08-08 09:03:39 [scrapy.core.engine] DEBUG: Crawled (200) <GET https://careers.tencent.com/search.html> (referer: None)
2019-08-08 09:03:39 [scrapy.core.engine] INFO: Closing spider (finished)
2019-08-08 09:03:39 [scrapy.statscollectors] INFO: Dumping Scrapy stats:
{'downloader/request_bytes': 815,
 'downloader/request_count': 3,
 'downloader/request_method_count/GET': 3,
 'downloader/response_bytes': 1733,
 'downloader/response_count': 3,
 'downloader/response_status_count/200': 2,
 'downloader/response_status_count/302': 1,
 'elapsed_time_seconds': 0.406911,
 'finish_reason': 'finished',
 'finish_time': datetime.datetime(2019, 8, 8, 1, 3, 39, 797170),
 'log_count/DEBUG': 3,
 'log_count/INFO': 10,
 'response_received_count': 2,
 'robotstxt/request_count': 1,
 'robotstxt/response_count': 1,
 'robotstxt/response_status_count/200': 1,
 'scheduler/dequeued': 1,
 'scheduler/dequeued/memory': 1,
 'scheduler/enqueued': 1,
 'scheduler/enqueued/memory': 1,
 'start_time': datetime.datetime(2019, 8, 8, 1, 3, 39, 390259)}
2019-08-08 09:03:39 [scrapy.core.engine] INFO: Spider closed (finished)
2019-08-08 09:06:07 [scrapy.utils.log] INFO: Scrapy 1.7.3 started (bot: tencent_hr)
2019-08-08 09:06:07 [scrapy.utils.log] INFO: Versions: lxml 4.3.4.0, libxml2 2.9.9, cssselect 1.0.3, parsel 1.5.1, w3lib 1.20.0, Twisted 19.7.0, Python 3.7.3 (default, Apr 24 2019, 15:29:51) [MSC v.1915 64 bit (AMD64)], pyOpenSSL 19.0.0 (OpenSSL 1.1.1c  28 May 2019), cryptography 2.7, Platform Windows-10-10.0.17763-SP0
2019-08-08 09:06:07 [scrapy.crawler] INFO: Overridden settings: {'BOT_NAME': 'tencent_hr', 'LOG_FILE': './log.log', 'NEWSPIDER_MODULE': 'tencent_hr.spiders', 'ROBOTSTXT_OBEY': True, 'SPIDER_MODULES': ['tencent_hr.spiders']}
2019-08-08 09:06:07 [scrapy.extensions.telnet] INFO: Telnet Password: 01ee326cbc0bd294
2019-08-08 09:06:07 [scrapy.middleware] INFO: Enabled extensions:
['scrapy.extensions.corestats.CoreStats',
 'scrapy.extensions.telnet.TelnetConsole',
 'scrapy.extensions.logstats.LogStats']
2019-08-08 09:06:07 [scrapy.middleware] INFO: Enabled downloader middlewares:
['scrapy.downloadermiddlewares.robotstxt.RobotsTxtMiddleware',
 'scrapy.downloadermiddlewares.httpauth.HttpAuthMiddleware',
 'scrapy.downloadermiddlewares.downloadtimeout.DownloadTimeoutMiddleware',
 'scrapy.downloadermiddlewares.defaultheaders.DefaultHeadersMiddleware',
 'scrapy.downloadermiddlewares.useragent.UserAgentMiddleware',
 'scrapy.downloadermiddlewares.retry.RetryMiddleware',
 'scrapy.downloadermiddlewares.redirect.MetaRefreshMiddleware',
 'scrapy.downloadermiddlewares.httpcompression.HttpCompressionMiddleware',
 'scrapy.downloadermiddlewares.redirect.RedirectMiddleware',
 'scrapy.downloadermiddlewares.cookies.CookiesMiddleware',
 'scrapy.downloadermiddlewares.httpproxy.HttpProxyMiddleware',
 'scrapy.downloadermiddlewares.stats.DownloaderStats']
2019-08-08 09:06:07 [scrapy.middleware] INFO: Enabled spider middlewares:
['scrapy.spidermiddlewares.httperror.HttpErrorMiddleware',
 'scrapy.spidermiddlewares.offsite.OffsiteMiddleware',
 'scrapy.spidermiddlewares.referer.RefererMiddleware',
 'scrapy.spidermiddlewares.urllength.UrlLengthMiddleware',
 'scrapy.spidermiddlewares.depth.DepthMiddleware']
2019-08-08 09:06:07 [scrapy.middleware] INFO: Enabled item pipelines:
['tencent_hr.pipelines.TencentHrPipeline']
2019-08-08 09:06:07 [scrapy.core.engine] INFO: Spider opened
2019-08-08 09:06:07 [scrapy.extensions.logstats] INFO: Crawled 0 pages (at 0 pages/min), scraped 0 items (at 0 items/min)
2019-08-08 09:06:07 [scrapy.extensions.telnet] INFO: Telnet console listening on 127.0.0.1:6023
2019-08-08 09:06:07 [scrapy.downloadermiddlewares.redirect] DEBUG: Redirecting (302) to <GET https://careers.tencent.com/404.html> from <GET https://careers.tencent.com/robots.txt>
2019-08-08 09:06:08 [scrapy.core.engine] DEBUG: Crawled (200) <GET https://careers.tencent.com/404.html> (referer: None)
2019-08-08 09:06:08 [scrapy.core.engine] DEBUG: Crawled (200) <GET https://careers.tencent.com/search.html?index=1> (referer: None)
2019-08-08 09:06:08 [scrapy.core.engine] INFO: Closing spider (finished)
2019-08-08 09:06:08 [scrapy.statscollectors] INFO: Dumping Scrapy stats:
{'downloader/request_bytes': 823,
 'downloader/request_count': 3,
 'downloader/request_method_count/GET': 3,
 'downloader/response_bytes': 1733,
 'downloader/response_count': 3,
 'downloader/response_status_count/200': 2,
 'downloader/response_status_count/302': 1,
 'elapsed_time_seconds': 0.387964,
 'finish_reason': 'finished',
 'finish_time': datetime.datetime(2019, 8, 8, 1, 6, 8, 161208),
 'log_count/DEBUG': 3,
 'log_count/INFO': 10,
 'response_received_count': 2,
 'robotstxt/request_count': 1,
 'robotstxt/response_count': 1,
 'robotstxt/response_status_count/200': 1,
 'scheduler/dequeued': 1,
 'scheduler/dequeued/memory': 1,
 'scheduler/enqueued': 1,
 'scheduler/enqueued/memory': 1,
 'start_time': datetime.datetime(2019, 8, 8, 1, 6, 7, 773244)}
2019-08-08 09:06:08 [scrapy.core.engine] INFO: Spider closed (finished)
2019-08-08 09:21:26 [scrapy.utils.log] INFO: Scrapy 1.7.3 started (bot: tencent_hr)
2019-08-08 09:21:26 [scrapy.utils.log] INFO: Versions: lxml 4.3.4.0, libxml2 2.9.9, cssselect 1.0.3, parsel 1.5.1, w3lib 1.20.0, Twisted 19.7.0, Python 3.7.3 (default, Apr 24 2019, 15:29:51) [MSC v.1915 64 bit (AMD64)], pyOpenSSL 19.0.0 (OpenSSL 1.1.1c  28 May 2019), cryptography 2.7, Platform Windows-10-10.0.17763-SP0
2019-08-08 09:21:26 [scrapy.crawler] INFO: Overridden settings: {'BOT_NAME': 'tencent_hr', 'LOG_FILE': './log.log', 'NEWSPIDER_MODULE': 'tencent_hr.spiders', 'ROBOTSTXT_OBEY': True, 'SPIDER_MODULES': ['tencent_hr.spiders']}
2019-08-08 09:21:26 [scrapy.extensions.telnet] INFO: Telnet Password: 332a5f96982b7150
2019-08-08 09:21:26 [scrapy.middleware] INFO: Enabled extensions:
['scrapy.extensions.corestats.CoreStats',
 'scrapy.extensions.telnet.TelnetConsole',
 'scrapy.extensions.logstats.LogStats']
2019-08-08 09:21:26 [scrapy.middleware] INFO: Enabled downloader middlewares:
['scrapy.downloadermiddlewares.robotstxt.RobotsTxtMiddleware',
 'scrapy.downloadermiddlewares.httpauth.HttpAuthMiddleware',
 'scrapy.downloadermiddlewares.downloadtimeout.DownloadTimeoutMiddleware',
 'scrapy.downloadermiddlewares.defaultheaders.DefaultHeadersMiddleware',
 'scrapy.downloadermiddlewares.useragent.UserAgentMiddleware',
 'scrapy.downloadermiddlewares.retry.RetryMiddleware',
 'scrapy.downloadermiddlewares.redirect.MetaRefreshMiddleware',
 'scrapy.downloadermiddlewares.httpcompression.HttpCompressionMiddleware',
 'scrapy.downloadermiddlewares.redirect.RedirectMiddleware',
 'scrapy.downloadermiddlewares.cookies.CookiesMiddleware',
 'scrapy.downloadermiddlewares.httpproxy.HttpProxyMiddleware',
 'scrapy.downloadermiddlewares.stats.DownloaderStats']
2019-08-08 09:21:26 [scrapy.middleware] INFO: Enabled spider middlewares:
['scrapy.spidermiddlewares.httperror.HttpErrorMiddleware',
 'scrapy.spidermiddlewares.offsite.OffsiteMiddleware',
 'scrapy.spidermiddlewares.referer.RefererMiddleware',
 'scrapy.spidermiddlewares.urllength.UrlLengthMiddleware',
 'scrapy.spidermiddlewares.depth.DepthMiddleware']
2019-08-08 09:21:26 [scrapy.middleware] INFO: Enabled item pipelines:
['tencent_hr.pipelines.TencentHrPipeline']
2019-08-08 09:21:26 [scrapy.core.engine] INFO: Spider opened
2019-08-08 09:21:26 [scrapy.extensions.logstats] INFO: Crawled 0 pages (at 0 pages/min), scraped 0 items (at 0 items/min)
2019-08-08 09:21:26 [scrapy.extensions.telnet] INFO: Telnet console listening on 127.0.0.1:6023
2019-08-08 09:21:27 [scrapy.downloadermiddlewares.redirect] DEBUG: Redirecting (302) to <GET https://careers.tencent.com/404.html> from <GET https://careers.tencent.com/robots.txt>
2019-08-08 09:21:27 [scrapy.core.engine] DEBUG: Crawled (200) <GET https://careers.tencent.com/404.html> (referer: None)
2019-08-08 09:21:27 [scrapy.core.engine] DEBUG: Crawled (200) <GET https://careers.tencent.com/search.html?index=1> (referer: None)
2019-08-08 09:21:27 [scrapy.core.engine] INFO: Closing spider (finished)
2019-08-08 09:21:27 [scrapy.statscollectors] INFO: Dumping Scrapy stats:
{'downloader/request_bytes': 823,
 'downloader/request_count': 3,
 'downloader/request_method_count/GET': 3,
 'downloader/response_bytes': 1733,
 'downloader/response_count': 3,
 'downloader/response_status_count/200': 2,
 'downloader/response_status_count/302': 1,
 'elapsed_time_seconds': 0.441251,
 'finish_reason': 'finished',
 'finish_time': datetime.datetime(2019, 8, 8, 1, 21, 27, 419950),
 'log_count/DEBUG': 3,
 'log_count/INFO': 10,
 'response_received_count': 2,
 'robotstxt/request_count': 1,
 'robotstxt/response_count': 1,
 'robotstxt/response_status_count/200': 1,
 'scheduler/dequeued': 1,
 'scheduler/dequeued/memory': 1,
 'scheduler/enqueued': 1,
 'scheduler/enqueued/memory': 1,
 'start_time': datetime.datetime(2019, 8, 8, 1, 21, 26, 978699)}
2019-08-08 09:21:27 [scrapy.core.engine] INFO: Spider closed (finished)
2019-08-08 17:05:40 [scrapy.utils.log] INFO: Scrapy 1.7.3 started (bot: tencent_hr)
2019-08-08 17:05:40 [scrapy.utils.log] INFO: Versions: lxml 4.3.4.0, libxml2 2.9.9, cssselect 1.0.3, parsel 1.5.1, w3lib 1.20.0, Twisted 19.7.0, Python 3.7.3 (default, Apr 24 2019, 15:29:51) [MSC v.1915 64 bit (AMD64)], pyOpenSSL 19.0.0 (OpenSSL 1.1.1c  28 May 2019), cryptography 2.7, Platform Windows-10-10.0.17763-SP0
2019-08-08 17:05:40 [scrapy.crawler] INFO: Overridden settings: {'BOT_NAME': 'tencent_hr', 'LOG_FILE': './log.log', 'NEWSPIDER_MODULE': 'tencent_hr.spiders', 'ROBOTSTXT_OBEY': True, 'SPIDER_MODULES': ['tencent_hr.spiders'], 'USER_AGENT': 'Mozilla/5.0 (Windows NT 10.0; Win64; x64; rv:68.0) Gecko/20100101 Firefox/68.0'}
2019-08-08 17:05:40 [scrapy.extensions.telnet] INFO: Telnet Password: 4e4751e43ce3cb8c
2019-08-08 17:05:40 [scrapy.middleware] INFO: Enabled extensions:
['scrapy.extensions.corestats.CoreStats',
 'scrapy.extensions.telnet.TelnetConsole',
 'scrapy.extensions.logstats.LogStats']
2019-08-08 17:05:41 [scrapy.middleware] INFO: Enabled downloader middlewares:
['scrapy.downloadermiddlewares.robotstxt.RobotsTxtMiddleware',
 'scrapy.downloadermiddlewares.httpauth.HttpAuthMiddleware',
 'scrapy.downloadermiddlewares.downloadtimeout.DownloadTimeoutMiddleware',
 'scrapy.downloadermiddlewares.defaultheaders.DefaultHeadersMiddleware',
 'scrapy.downloadermiddlewares.useragent.UserAgentMiddleware',
 'scrapy.downloadermiddlewares.retry.RetryMiddleware',
 'scrapy.downloadermiddlewares.redirect.MetaRefreshMiddleware',
 'scrapy.downloadermiddlewares.httpcompression.HttpCompressionMiddleware',
 'scrapy.downloadermiddlewares.redirect.RedirectMiddleware',
 'scrapy.downloadermiddlewares.cookies.CookiesMiddleware',
 'scrapy.downloadermiddlewares.httpproxy.HttpProxyMiddleware',
 'scrapy.downloadermiddlewares.stats.DownloaderStats']
2019-08-08 17:05:41 [scrapy.middleware] INFO: Enabled spider middlewares:
['scrapy.spidermiddlewares.httperror.HttpErrorMiddleware',
 'scrapy.spidermiddlewares.offsite.OffsiteMiddleware',
 'scrapy.spidermiddlewares.referer.RefererMiddleware',
 'scrapy.spidermiddlewares.urllength.UrlLengthMiddleware',
 'scrapy.spidermiddlewares.depth.DepthMiddleware']
2019-08-08 17:05:41 [scrapy.middleware] INFO: Enabled item pipelines:
['tencent_hr.pipelines.TencentHrPipeline']
2019-08-08 17:05:41 [scrapy.core.engine] INFO: Spider opened
2019-08-08 17:05:41 [scrapy.extensions.logstats] INFO: Crawled 0 pages (at 0 pages/min), scraped 0 items (at 0 items/min)
2019-08-08 17:05:41 [scrapy.extensions.telnet] INFO: Telnet console listening on 127.0.0.1:6023
2019-08-08 17:05:41 [scrapy.downloadermiddlewares.redirect] DEBUG: Redirecting (302) to <GET https://careers.tencent.com/404.html> from <GET https://careers.tencent.com/robots.txt>
2019-08-08 17:05:41 [scrapy.core.engine] DEBUG: Crawled (200) <GET https://careers.tencent.com/404.html> (referer: None)
2019-08-08 17:05:41 [scrapy.core.engine] DEBUG: Crawled (200) <GET https://careers.tencent.com/search.html?index=1> (referer: None)
2019-08-08 17:05:41 [scrapy.core.engine] INFO: Closing spider (finished)
2019-08-08 17:05:41 [scrapy.statscollectors] INFO: Dumping Scrapy stats:
{'downloader/request_bytes': 823,
 'downloader/request_count': 3,
 'downloader/request_method_count/GET': 3,
 'downloader/response_bytes': 1733,
 'downloader/response_count': 3,
 'downloader/response_status_count/200': 2,
 'downloader/response_status_count/302': 1,
 'elapsed_time_seconds': 0.479373,
 'finish_reason': 'finished',
 'finish_time': datetime.datetime(2019, 8, 8, 9, 5, 41, 740556),
 'log_count/DEBUG': 3,
 'log_count/INFO': 10,
 'response_received_count': 2,
 'robotstxt/request_count': 1,
 'robotstxt/response_count': 1,
 'robotstxt/response_status_count/200': 1,
 'scheduler/dequeued': 1,
 'scheduler/dequeued/memory': 1,
 'scheduler/enqueued': 1,
 'scheduler/enqueued/memory': 1,
 'start_time': datetime.datetime(2019, 8, 8, 9, 5, 41, 261183)}
2019-08-08 17:05:41 [scrapy.core.engine] INFO: Spider closed (finished)
2019-08-08 17:06:59 [scrapy.utils.log] INFO: Scrapy 1.7.3 started (bot: tencent_hr)
2019-08-08 17:06:59 [scrapy.utils.log] INFO: Versions: lxml 4.3.4.0, libxml2 2.9.9, cssselect 1.0.3, parsel 1.5.1, w3lib 1.20.0, Twisted 19.7.0, Python 3.7.3 (default, Apr 24 2019, 15:29:51) [MSC v.1915 64 bit (AMD64)], pyOpenSSL 19.0.0 (OpenSSL 1.1.1c  28 May 2019), cryptography 2.7, Platform Windows-10-10.0.17763-SP0
2019-08-08 17:06:59 [scrapy.crawler] INFO: Overridden settings: {'BOT_NAME': 'tencent_hr', 'LOG_FILE': './log.log', 'NEWSPIDER_MODULE': 'tencent_hr.spiders', 'ROBOTSTXT_OBEY': True, 'SPIDER_MODULES': ['tencent_hr.spiders'], 'USER_AGENT': 'Mozilla/5.0 (Windows NT 10.0; Win64; x64; rv:68.0) Gecko/20100101 Firefox/68.0'}
2019-08-08 17:06:59 [scrapy.extensions.telnet] INFO: Telnet Password: 59a6755fa0b53e90
2019-08-08 17:07:00 [scrapy.middleware] INFO: Enabled extensions:
['scrapy.extensions.corestats.CoreStats',
 'scrapy.extensions.telnet.TelnetConsole',
 'scrapy.extensions.logstats.LogStats']
2019-08-08 17:07:00 [scrapy.middleware] INFO: Enabled downloader middlewares:
['scrapy.downloadermiddlewares.robotstxt.RobotsTxtMiddleware',
 'scrapy.downloadermiddlewares.httpauth.HttpAuthMiddleware',
 'scrapy.downloadermiddlewares.downloadtimeout.DownloadTimeoutMiddleware',
 'scrapy.downloadermiddlewares.defaultheaders.DefaultHeadersMiddleware',
 'scrapy.downloadermiddlewares.useragent.UserAgentMiddleware',
 'scrapy.downloadermiddlewares.retry.RetryMiddleware',
 'scrapy.downloadermiddlewares.redirect.MetaRefreshMiddleware',
 'scrapy.downloadermiddlewares.httpcompression.HttpCompressionMiddleware',
 'scrapy.downloadermiddlewares.redirect.RedirectMiddleware',
 'scrapy.downloadermiddlewares.cookies.CookiesMiddleware',
 'scrapy.downloadermiddlewares.httpproxy.HttpProxyMiddleware',
 'scrapy.downloadermiddlewares.stats.DownloaderStats']
2019-08-08 17:07:00 [scrapy.middleware] INFO: Enabled spider middlewares:
['scrapy.spidermiddlewares.httperror.HttpErrorMiddleware',
 'scrapy.spidermiddlewares.offsite.OffsiteMiddleware',
 'scrapy.spidermiddlewares.referer.RefererMiddleware',
 'scrapy.spidermiddlewares.urllength.UrlLengthMiddleware',
 'scrapy.spidermiddlewares.depth.DepthMiddleware']
2019-08-08 17:07:00 [scrapy.middleware] INFO: Enabled item pipelines:
['tencent_hr.pipelines.TencentHrPipeline']
2019-08-08 17:07:00 [scrapy.core.engine] INFO: Spider opened
2019-08-08 17:07:00 [scrapy.extensions.logstats] INFO: Crawled 0 pages (at 0 pages/min), scraped 0 items (at 0 items/min)
2019-08-08 17:07:00 [scrapy.extensions.telnet] INFO: Telnet console listening on 127.0.0.1:6023
2019-08-08 17:07:00 [scrapy.downloadermiddlewares.redirect] DEBUG: Redirecting (302) to <GET https://careers.tencent.com/404.html> from <GET https://careers.tencent.com/robots.txt>
2019-08-08 17:07:00 [scrapy.core.engine] DEBUG: Crawled (200) <GET https://careers.tencent.com/404.html> (referer: None)
2019-08-08 17:07:00 [scrapy.core.engine] DEBUG: Crawled (200) <GET https://careers.tencent.com/search.html> (referer: None)
2019-08-08 17:07:01 [scrapy.core.engine] INFO: Closing spider (finished)
2019-08-08 17:07:01 [scrapy.statscollectors] INFO: Dumping Scrapy stats:
{'downloader/request_bytes': 815,
 'downloader/request_count': 3,
 'downloader/request_method_count/GET': 3,
 'downloader/response_bytes': 1733,
 'downloader/response_count': 3,
 'downloader/response_status_count/200': 2,
 'downloader/response_status_count/302': 1,
 'elapsed_time_seconds': 0.398159,
 'finish_reason': 'finished',
 'finish_time': datetime.datetime(2019, 8, 8, 9, 7, 1, 22597),
 'log_count/DEBUG': 3,
 'log_count/INFO': 10,
 'response_received_count': 2,
 'robotstxt/request_count': 1,
 'robotstxt/response_count': 1,
 'robotstxt/response_status_count/200': 1,
 'scheduler/dequeued': 1,
 'scheduler/dequeued/memory': 1,
 'scheduler/enqueued': 1,
 'scheduler/enqueued/memory': 1,
 'start_time': datetime.datetime(2019, 8, 8, 9, 7, 0, 624438)}
2019-08-08 17:07:01 [scrapy.core.engine] INFO: Spider closed (finished)
2019-08-08 17:10:19 [scrapy.utils.log] INFO: Scrapy 1.7.3 started (bot: tencent_hr)
2019-08-08 17:10:19 [scrapy.utils.log] INFO: Versions: lxml 4.3.4.0, libxml2 2.9.9, cssselect 1.0.3, parsel 1.5.1, w3lib 1.20.0, Twisted 19.7.0, Python 3.7.3 (default, Apr 24 2019, 15:29:51) [MSC v.1915 64 bit (AMD64)], pyOpenSSL 19.0.0 (OpenSSL 1.1.1c  28 May 2019), cryptography 2.7, Platform Windows-10-10.0.17763-SP0
2019-08-08 17:10:19 [scrapy.crawler] INFO: Overridden settings: {'BOT_NAME': 'tencent_hr', 'LOG_FILE': './log.log', 'NEWSPIDER_MODULE': 'tencent_hr.spiders', 'ROBOTSTXT_OBEY': True, 'SPIDER_MODULES': ['tencent_hr.spiders'], 'USER_AGENT': 'Mozilla/5.0 (Windows NT 10.0; Win64; x64; rv:68.0) Gecko/20100101 Firefox/68.0'}
2019-08-08 17:10:19 [scrapy.extensions.telnet] INFO: Telnet Password: c13bcb72620b8889
2019-08-08 17:10:19 [scrapy.middleware] INFO: Enabled extensions:
['scrapy.extensions.corestats.CoreStats',
 'scrapy.extensions.telnet.TelnetConsole',
 'scrapy.extensions.logstats.LogStats']
2019-08-08 17:10:20 [scrapy.middleware] INFO: Enabled downloader middlewares:
['scrapy.downloadermiddlewares.robotstxt.RobotsTxtMiddleware',
 'scrapy.downloadermiddlewares.httpauth.HttpAuthMiddleware',
 'scrapy.downloadermiddlewares.downloadtimeout.DownloadTimeoutMiddleware',
 'scrapy.downloadermiddlewares.defaultheaders.DefaultHeadersMiddleware',
 'scrapy.downloadermiddlewares.useragent.UserAgentMiddleware',
 'scrapy.downloadermiddlewares.retry.RetryMiddleware',
 'scrapy.downloadermiddlewares.redirect.MetaRefreshMiddleware',
 'scrapy.downloadermiddlewares.httpcompression.HttpCompressionMiddleware',
 'scrapy.downloadermiddlewares.redirect.RedirectMiddleware',
 'scrapy.downloadermiddlewares.cookies.CookiesMiddleware',
 'scrapy.downloadermiddlewares.httpproxy.HttpProxyMiddleware',
 'scrapy.downloadermiddlewares.stats.DownloaderStats']
2019-08-08 17:10:20 [scrapy.middleware] INFO: Enabled spider middlewares:
['scrapy.spidermiddlewares.httperror.HttpErrorMiddleware',
 'scrapy.spidermiddlewares.offsite.OffsiteMiddleware',
 'scrapy.spidermiddlewares.referer.RefererMiddleware',
 'scrapy.spidermiddlewares.urllength.UrlLengthMiddleware',
 'scrapy.spidermiddlewares.depth.DepthMiddleware']
2019-08-08 17:10:20 [scrapy.middleware] INFO: Enabled item pipelines:
['tencent_hr.pipelines.TencentHrPipeline']
2019-08-08 17:10:20 [scrapy.core.engine] INFO: Spider opened
2019-08-08 17:10:20 [scrapy.extensions.logstats] INFO: Crawled 0 pages (at 0 pages/min), scraped 0 items (at 0 items/min)
2019-08-08 17:10:20 [scrapy.extensions.telnet] INFO: Telnet console listening on 127.0.0.1:6023
2019-08-08 17:10:20 [scrapy.downloadermiddlewares.redirect] DEBUG: Redirecting (302) to <GET https://careers.tencent.com/404.html> from <GET https://careers.tencent.com/robots.txt>
2019-08-08 17:10:20 [scrapy.core.engine] DEBUG: Crawled (200) <GET https://careers.tencent.com/404.html> (referer: None)
2019-08-08 17:10:20 [scrapy.core.engine] DEBUG: Crawled (200) <GET https://careers.tencent.com/search.html> (referer: None)
2019-08-08 17:10:20 [scrapy.core.engine] INFO: Closing spider (finished)
2019-08-08 17:10:20 [scrapy.statscollectors] INFO: Dumping Scrapy stats:
{'downloader/request_bytes': 815,
 'downloader/request_count': 3,
 'downloader/request_method_count/GET': 3,
 'downloader/response_bytes': 1733,
 'downloader/response_count': 3,
 'downloader/response_status_count/200': 2,
 'downloader/response_status_count/302': 1,
 'elapsed_time_seconds': 0.413482,
 'finish_reason': 'finished',
 'finish_time': datetime.datetime(2019, 8, 8, 9, 10, 20, 611408),
 'log_count/DEBUG': 3,
 'log_count/INFO': 10,
 'response_received_count': 2,
 'robotstxt/request_count': 1,
 'robotstxt/response_count': 1,
 'robotstxt/response_status_count/200': 1,
 'scheduler/dequeued': 1,
 'scheduler/dequeued/memory': 1,
 'scheduler/enqueued': 1,
 'scheduler/enqueued/memory': 1,
 'start_time': datetime.datetime(2019, 8, 8, 9, 10, 20, 197926)}
2019-08-08 17:10:20 [scrapy.core.engine] INFO: Spider closed (finished)
